<?xml version="1.0" encoding="UTF-8"?>
<testng-results ignored="0" total="1" passed="1" failed="0" skipped="0">
  <reporter-output>
  </reporter-output>
  <suite started-at="2025-01-01T15:06:22 IST" name="Default suite" finished-at="2025-01-01T15:06:29 IST" duration-ms="7637">
    <groups>
    </groups>
    <test started-at="2025-01-01T15:06:22 IST" name="Default test" finished-at="2025-01-01T15:06:29 IST" duration-ms="7637">
      <class name="testCases.TestAccountRegistration">
        <test-method is-config="true" signature="setup()[pri:0, instance:testCases.TestAccountRegistration@fa4c865]" started-at="2025-01-01T15:06:22 IST" name="setup" finished-at="2025-01-01T15:06:27 IST" duration-ms="4828" status="PASS">
          <reporter-output>
          </reporter-output>
        </test-method> <!-- setup -->
        <test-method signature="testRegistration()[pri:0, instance:testCases.TestAccountRegistration@fa4c865]" started-at="2025-01-01T15:06:27 IST" name="testRegistration" finished-at="2025-01-01T15:06:29 IST" duration-ms="2512" status="PASS">
          <reporter-output>
          </reporter-output>
        </test-method> <!-- testRegistration -->
        <test-method is-config="true" signature="tearDown()[pri:0, instance:testCases.TestAccountRegistration@fa4c865]" started-at="2025-01-01T15:06:29 IST" name="tearDown" finished-at="2025-01-01T15:06:29 IST" duration-ms="190" status="PASS">
          <reporter-output>
          </reporter-output>
        </test-method> <!-- tearDown -->
      </class> <!-- testCases.TestAccountRegistration -->
    </test> <!-- Default test -->
  </suite> <!-- Default suite -->
</testng-results>
